{"E:\\6sin7\\6sin7\\packages\\markdown-engine\\src\\index.ts": {"path":"E:\\6sin7\\6sin7\\packages\\markdown-engine\\src\\index.ts","statementMap":{"0":{"start":{"line":37,"column":18},"end":{"line":37,"column":29}},"1":{"start":{"line":38,"column":19},"end":{"line":38,"column":31}},"2":{"start":{"line":39,"column":21},"end":{"line":39,"column":35}},"3":{"start":{"line":42,"column":19},"end":{"line":42,"column":39}},"4":{"start":{"line":43,"column":16},"end":{"line":43,"column":41}},"5":{"start":{"line":44,"column":4},"end":{"line":44,"column":null}}},"fnMap":{"0":{"name":"(anonymous_0)","decl":{"start":{"line":41,"column":2},"end":{"line":41,"column":11}},"loc":{"start":{"line":41,"column":33},"end":{"line":44,"column":null}},"line":41}},"branchMap":{},"s":{"0":1,"1":1,"2":1,"3":3,"4":3,"5":3},"f":{"0":3},"b":{},"meta":{"lastBranch":0,"lastFunction":1,"lastStatement":6,"seen":{"s:37:18:37:29":0,"s:38:19:38:31":1,"s:39:21:39:35":2,"f:41:2:41:11":0,"s:42:19:42:39":3,"s:43:16:43:41":4,"s:44:4:44:Infinity":5}}}
,"E:\\6sin7\\6sin7\\packages\\markdown-engine\\src\\lexer.ts": {"path":"E:\\6sin7\\6sin7\\packages\\markdown-engine\\src\\lexer.ts","statementMap":{"0":{"start":{"line":5,"column":28},"end":{"line":5,"column":30}},"1":{"start":{"line":8,"column":4},"end":{"line":8,"column":null}},"2":{"start":{"line":10,"column":18},"end":{"line":10,"column":37}},"3":{"start":{"line":12,"column":4},"end":{"line":105,"column":null}},"4":{"start":{"line":12,"column":17},"end":{"line":12,"column":20}},"5":{"start":{"line":13,"column":19},"end":{"line":13,"column":null}},"6":{"start":{"line":16,"column":6},"end":{"line":16,"column":null}},"7":{"start":{"line":16,"column":30},"end":{"line":16,"column":null}},"8":{"start":{"line":19,"column":25},"end":{"line":19,"column":47}},"9":{"start":{"line":20,"column":6},"end":{"line":47,"column":null}},"10":{"start":{"line":21,"column":22},"end":{"line":21,"column":67}},"11":{"start":{"line":22,"column":8},"end":{"line":22,"column":null}},"12":{"start":{"line":23,"column":8},"end":{"line":23,"column":null}},"13":{"start":{"line":24,"column":8},"end":{"line":24,"column":null}},"14":{"start":{"line":26,"column":29},"end":{"line":26,"column":null}},"15":{"start":{"line":27,"column":31},"end":{"line":27,"column":63}},"16":{"start":{"line":28,"column":8},"end":{"line":43,"column":null}},"17":{"start":{"line":29,"column":25},"end":{"line":29,"column":61}},"18":{"start":{"line":30,"column":10},"end":{"line":30,"column":null}},"19":{"start":{"line":31,"column":10},"end":{"line":31,"column":null}},"20":{"start":{"line":33,"column":26},"end":{"line":33,"column":52}},"21":{"start":{"line":34,"column":10},"end":{"line":34,"column":null}},"22":{"start":{"line":35,"column":10},"end":{"line":35,"column":null}},"23":{"start":{"line":36,"column":10},"end":{"line":36,"column":null}},"24":{"start":{"line":38,"column":10},"end":{"line":38,"column":null}},"25":{"start":{"line":40,"column":26},"end":{"line":40,"column":52}},"26":{"start":{"line":41,"column":10},"end":{"line":41,"column":null}},"27":{"start":{"line":42,"column":10},"end":{"line":42,"column":null}},"28":{"start":{"line":43,"column":10},"end":{"line":43,"column":null}},"29":{"start":{"line":46,"column":8},"end":{"line":46,"column":null}},"30":{"start":{"line":47,"column":8},"end":{"line":47,"column":null}},"31":{"start":{"line":51,"column":27},"end":{"line":51,"column":55}},"32":{"start":{"line":52,"column":6},"end":{"line":65,"column":null}},"33":{"start":{"line":53,"column":20},"end":{"line":53,"column":null}},"34":{"start":{"line":54,"column":22},"end":{"line":54,"column":55}},"35":{"start":{"line":55,"column":8},"end":{"line":55,"column":null}},"36":{"start":{"line":56,"column":8},"end":{"line":56,"column":null}},"37":{"start":{"line":57,"column":8},"end":{"line":57,"column":null}},"38":{"start":{"line":59,"column":24},"end":{"line":59,"column":50}},"39":{"start":{"line":60,"column":8},"end":{"line":60,"column":null}},"40":{"start":{"line":61,"column":8},"end":{"line":61,"column":null}},"41":{"start":{"line":62,"column":8},"end":{"line":62,"column":null}},"42":{"start":{"line":64,"column":8},"end":{"line":64,"column":null}},"43":{"start":{"line":65,"column":8},"end":{"line":65,"column":null}},"44":{"start":{"line":69,"column":24},"end":{"line":69,"column":48}},"45":{"start":{"line":70,"column":6},"end":{"line":82,"column":null}},"46":{"start":{"line":71,"column":23},"end":{"line":71,"column":59}},"47":{"start":{"line":72,"column":8},"end":{"line":72,"column":null}},"48":{"start":{"line":73,"column":8},"end":{"line":73,"column":null}},"49":{"start":{"line":74,"column":8},"end":{"line":74,"column":null}},"50":{"start":{"line":76,"column":24},"end":{"line":76,"column":50}},"51":{"start":{"line":77,"column":8},"end":{"line":77,"column":null}},"52":{"start":{"line":78,"column":8},"end":{"line":78,"column":null}},"53":{"start":{"line":79,"column":8},"end":{"line":79,"column":null}},"54":{"start":{"line":81,"column":8},"end":{"line":81,"column":null}},"55":{"start":{"line":82,"column":8},"end":{"line":82,"column":null}},"56":{"start":{"line":86,"column":6},"end":{"line":91,"column":null}},"57":{"start":{"line":87,"column":19},"end":{"line":87,"column":43}},"58":{"start":{"line":88,"column":8},"end":{"line":88,"column":null}},"59":{"start":{"line":89,"column":8},"end":{"line":89,"column":null}},"60":{"start":{"line":90,"column":8},"end":{"line":90,"column":null}},"61":{"start":{"line":91,"column":8},"end":{"line":91,"column":null}},"62":{"start":{"line":95,"column":20},"end":{"line":95,"column":55}},"63":{"start":{"line":96,"column":6},"end":{"line":96,"column":null}},"64":{"start":{"line":97,"column":6},"end":{"line":97,"column":null}},"65":{"start":{"line":98,"column":6},"end":{"line":98,"column":null}},"66":{"start":{"line":100,"column":22},"end":{"line":100,"column":48}},"67":{"start":{"line":101,"column":6},"end":{"line":101,"column":null}},"68":{"start":{"line":102,"column":6},"end":{"line":102,"column":null}},"69":{"start":{"line":103,"column":6},"end":{"line":103,"column":null}},"70":{"start":{"line":105,"column":6},"end":{"line":105,"column":null}},"71":{"start":{"line":107,"column":4},"end":{"line":107,"column":null}}},"fnMap":{"0":{"name":"(anonymous_0)","decl":{"start":{"line":7,"column":2},"end":{"line":7,"column":6}},"loc":{"start":{"line":7,"column":29},"end":{"line":107,"column":null}},"line":7}},"branchMap":{"0":{"loc":{"start":{"line":16,"column":6},"end":{"line":16,"column":null}},"type":"if","locations":[{"start":{"line":16,"column":6},"end":{"line":16,"column":null}},{"start":{},"end":{}}],"line":16},"1":{"loc":{"start":{"line":20,"column":6},"end":{"line":47,"column":null}},"type":"if","locations":[{"start":{"line":20,"column":6},"end":{"line":47,"column":null}},{"start":{},"end":{}}],"line":20},"2":{"loc":{"start":{"line":28,"column":8},"end":{"line":43,"column":null}},"type":"if","locations":[{"start":{"line":28,"column":8},"end":{"line":43,"column":null}},{"start":{"line":39,"column":15},"end":{"line":43,"column":null}}],"line":28},"3":{"loc":{"start":{"line":52,"column":6},"end":{"line":65,"column":null}},"type":"if","locations":[{"start":{"line":52,"column":6},"end":{"line":65,"column":null}},{"start":{},"end":{}}],"line":52},"4":{"loc":{"start":{"line":70,"column":6},"end":{"line":82,"column":null}},"type":"if","locations":[{"start":{"line":70,"column":6},"end":{"line":82,"column":null}},{"start":{},"end":{}}],"line":70},"5":{"loc":{"start":{"line":86,"column":6},"end":{"line":91,"column":null}},"type":"if","locations":[{"start":{"line":86,"column":6},"end":{"line":91,"column":null}},{"start":{},"end":{}}],"line":86}},"s":{"0":1,"1":5,"2":5,"3":5,"4":5,"5":7,"6":7,"7":1,"8":6,"9":6,"10":1,"11":1,"12":1,"13":1,"14":1,"15":1,"16":1,"17":1,"18":1,"19":1,"20":1,"21":1,"22":1,"23":1,"24":1,"25":0,"26":0,"27":0,"28":0,"29":1,"30":1,"31":5,"32":5,"33":2,"34":2,"35":2,"36":2,"37":2,"38":2,"39":2,"40":2,"41":2,"42":2,"43":2,"44":3,"45":3,"46":0,"47":0,"48":0,"49":0,"50":0,"51":0,"52":0,"53":0,"54":0,"55":0,"56":3,"57":0,"58":0,"59":0,"60":0,"61":0,"62":3,"63":3,"64":3,"65":3,"66":3,"67":3,"68":3,"69":3,"70":3,"71":5},"f":{"0":5},"b":{"0":[1,6],"1":[1,5],"2":[1,0],"3":[2,3],"4":[0,3],"5":[0,3]},"meta":{"lastBranch":6,"lastFunction":1,"lastStatement":72,"seen":{"s:5:28:5:30":0,"f:7:2:7:6":0,"s:8:4:8:Infinity":1,"s:10:18:10:37":2,"s:12:4:105:Infinity":3,"s:12:17:12:20":4,"s:13:19:13:Infinity":5,"b:16:6:16:Infinity:undefined:undefined:undefined:undefined":0,"s:16:6:16:Infinity":6,"s:16:30:16:Infinity":7,"s:19:25:19:47":8,"b:20:6:47:Infinity:undefined:undefined:undefined:undefined":1,"s:20:6:47:Infinity":9,"s:21:22:21:67":10,"s:22:8:22:Infinity":11,"s:23:8:23:Infinity":12,"s:24:8:24:Infinity":13,"s:26:29:26:Infinity":14,"s:27:31:27:63":15,"b:28:8:43:Infinity:39:15:43:Infinity":2,"s:28:8:43:Infinity":16,"s:29:25:29:61":17,"s:30:10:30:Infinity":18,"s:31:10:31:Infinity":19,"s:33:26:33:52":20,"s:34:10:34:Infinity":21,"s:35:10:35:Infinity":22,"s:36:10:36:Infinity":23,"s:38:10:38:Infinity":24,"s:40:26:40:52":25,"s:41:10:41:Infinity":26,"s:42:10:42:Infinity":27,"s:43:10:43:Infinity":28,"s:46:8:46:Infinity":29,"s:47:8:47:Infinity":30,"s:51:27:51:55":31,"b:52:6:65:Infinity:undefined:undefined:undefined:undefined":3,"s:52:6:65:Infinity":32,"s:53:20:53:Infinity":33,"s:54:22:54:55":34,"s:55:8:55:Infinity":35,"s:56:8:56:Infinity":36,"s:57:8:57:Infinity":37,"s:59:24:59:50":38,"s:60:8:60:Infinity":39,"s:61:8:61:Infinity":40,"s:62:8:62:Infinity":41,"s:64:8:64:Infinity":42,"s:65:8:65:Infinity":43,"s:69:24:69:48":44,"b:70:6:82:Infinity:undefined:undefined:undefined:undefined":4,"s:70:6:82:Infinity":45,"s:71:23:71:59":46,"s:72:8:72:Infinity":47,"s:73:8:73:Infinity":48,"s:74:8:74:Infinity":49,"s:76:24:76:50":50,"s:77:8:77:Infinity":51,"s:78:8:78:Infinity":52,"s:79:8:79:Infinity":53,"s:81:8:81:Infinity":54,"s:82:8:82:Infinity":55,"b:86:6:91:Infinity:undefined:undefined:undefined:undefined":5,"s:86:6:91:Infinity":56,"s:87:19:87:43":57,"s:88:8:88:Infinity":58,"s:89:8:89:Infinity":59,"s:90:8:90:Infinity":60,"s:91:8:91:Infinity":61,"s:95:20:95:55":62,"s:96:6:96:Infinity":63,"s:97:6:97:Infinity":64,"s:98:6:98:Infinity":65,"s:100:22:100:48":66,"s:101:6:101:Infinity":67,"s:102:6:102:Infinity":68,"s:103:6:103:Infinity":69,"s:105:6:105:Infinity":70,"s:107:4:107:Infinity":71}}}
,"E:\\6sin7\\6sin7\\packages\\markdown-engine\\src\\parser.ts": {"path":"E:\\6sin7\\6sin7\\packages\\markdown-engine\\src\\parser.ts","statementMap":{"0":{"start":{"line":10,"column":25},"end":{"line":10,"column":27}},"1":{"start":{"line":11,"column":27},"end":{"line":11,"column":29}},"2":{"start":{"line":13,"column":4},"end":{"line":34,"column":null}},"3":{"start":{"line":14,"column":6},"end":{"line":34,"column":null}},"4":{"start":{"line":16,"column":23},"end":{"line":16,"column":null}},"5":{"start":{"line":17,"column":8},"end":{"line":21,"column":null}},"6":{"start":{"line":18,"column":10},"end":{"line":18,"column":null}},"7":{"start":{"line":19,"column":10},"end":{"line":19,"column":null}},"8":{"start":{"line":21,"column":10},"end":{"line":21,"column":null}},"9":{"start":{"line":23,"column":8},"end":{"line":23,"column":null}},"10":{"start":{"line":24,"column":17},"end":{"line":34,"column":null}},"11":{"start":{"line":26,"column":8},"end":{"line":26,"column":null}},"12":{"start":{"line":29,"column":23},"end":{"line":29,"column":null}},"13":{"start":{"line":30,"column":8},"end":{"line":34,"column":null}},"14":{"start":{"line":31,"column":10},"end":{"line":31,"column":null}},"15":{"start":{"line":32,"column":10},"end":{"line":32,"column":null}},"16":{"start":{"line":34,"column":10},"end":{"line":34,"column":null}},"17":{"start":{"line":38,"column":4},"end":{"line":38,"column":null}}},"fnMap":{"0":{"name":"(anonymous_0)","decl":{"start":{"line":9,"column":2},"end":{"line":9,"column":8}},"loc":{"start":{"line":9,"column":34},"end":{"line":38,"column":null}},"line":9}},"branchMap":{"0":{"loc":{"start":{"line":14,"column":6},"end":{"line":34,"column":null}},"type":"if","locations":[{"start":{"line":14,"column":6},"end":{"line":34,"column":null}},{"start":{"line":24,"column":17},"end":{"line":34,"column":null}}],"line":14},"1":{"loc":{"start":{"line":17,"column":8},"end":{"line":21,"column":null}},"type":"if","locations":[{"start":{"line":17,"column":8},"end":{"line":21,"column":null}},{"start":{"line":20,"column":15},"end":{"line":21,"column":null}}],"line":17},"2":{"loc":{"start":{"line":18,"column":28},"end":{"line":18,"column":49}},"type":"binary-expr","locations":[{"start":{"line":18,"column":28},"end":{"line":18,"column":47}},{"start":{"line":18,"column":47},"end":{"line":18,"column":49}}],"line":18},"3":{"loc":{"start":{"line":24,"column":17},"end":{"line":34,"column":null}},"type":"if","locations":[{"start":{"line":24,"column":17},"end":{"line":34,"column":null}},{"start":{"line":27,"column":13},"end":{"line":34,"column":null}}],"line":24},"4":{"loc":{"start":{"line":30,"column":8},"end":{"line":34,"column":null}},"type":"if","locations":[{"start":{"line":30,"column":8},"end":{"line":34,"column":null}},{"start":{"line":33,"column":15},"end":{"line":34,"column":null}}],"line":30},"5":{"loc":{"start":{"line":31,"column":28},"end":{"line":31,"column":49}},"type":"binary-expr","locations":[{"start":{"line":31,"column":28},"end":{"line":31,"column":47}},{"start":{"line":31,"column":47},"end":{"line":31,"column":49}}],"line":31}},"s":{"0":4,"1":4,"2":4,"3":14,"4":5,"5":5,"6":1,"7":1,"8":4,"9":5,"10":9,"11":5,"12":4,"13":4,"14":4,"15":4,"16":0,"17":4},"f":{"0":4},"b":{"0":[5,9],"1":[1,4],"2":[1,1],"3":[5,4],"4":[4,0],"5":[4,4]},"meta":{"lastBranch":6,"lastFunction":1,"lastStatement":18,"seen":{"f:9:2:9:8":0,"s:10:25:10:27":0,"s:11:27:11:29":1,"s:13:4:34:Infinity":2,"b:14:6:34:Infinity:24:17:34:Infinity":0,"s:14:6:34:Infinity":3,"s:16:23:16:Infinity":4,"b:17:8:21:Infinity:20:15:21:Infinity":1,"s:17:8:21:Infinity":5,"s:18:10:18:Infinity":6,"b:18:28:18:47:18:47:18:49":2,"s:19:10:19:Infinity":7,"s:21:10:21:Infinity":8,"s:23:8:23:Infinity":9,"b:24:17:34:Infinity:27:13:34:Infinity":3,"s:24:17:34:Infinity":10,"s:26:8:26:Infinity":11,"s:29:23:29:Infinity":12,"b:30:8:34:Infinity:33:15:34:Infinity":4,"s:30:8:34:Infinity":13,"s:31:10:31:Infinity":14,"b:31:28:31:47:31:47:31:49":5,"s:32:10:32:Infinity":15,"s:34:10:34:Infinity":16,"s:38:4:38:Infinity":17}}}
,"E:\\6sin7\\6sin7\\packages\\markdown-engine\\src\\renderer.ts": {"path":"E:\\6sin7\\6sin7\\packages\\markdown-engine\\src\\renderer.ts","statementMap":{"0":{"start":{"line":10,"column":2},"end":{"line":21,"column":null}},"1":{"start":{"line":19,"column":23},"end":{"line":19,"column":33}},"2":{"start":{"line":20,"column":6},"end":{"line":20,"column":null}},"3":{"start":{"line":28,"column":15},"end":{"line":28,"column":null}},"4":{"start":{"line":29,"column":4},"end":{"line":46,"column":null}},"5":{"start":{"line":31,"column":6},"end":{"line":33,"column":null}},"6":{"start":{"line":32,"column":8},"end":{"line":32,"column":null}},"7":{"start":{"line":33,"column":8},"end":{"line":33,"column":null}},"8":{"start":{"line":37,"column":6},"end":{"line":37,"column":null}},"9":{"start":{"line":40,"column":6},"end":{"line":41,"column":null}},"10":{"start":{"line":41,"column":8},"end":{"line":41,"column":null}},"11":{"start":{"line":45,"column":6},"end":{"line":46,"column":null}},"12":{"start":{"line":46,"column":8},"end":{"line":46,"column":null}},"13":{"start":{"line":49,"column":4},"end":{"line":49,"column":null}},"14":{"start":{"line":53,"column":4},"end":{"line":73,"column":null}},"15":{"start":{"line":56,"column":10},"end":{"line":57,"column":null}},"16":{"start":{"line":58,"column":8},"end":{"line":58,"column":null}},"17":{"start":{"line":61,"column":8},"end":{"line":61,"column":null}},"18":{"start":{"line":64,"column":8},"end":{"line":64,"column":null}},"19":{"start":{"line":67,"column":8},"end":{"line":67,"column":null}},"20":{"start":{"line":70,"column":8},"end":{"line":70,"column":null}},"21":{"start":{"line":73,"column":8},"end":{"line":73,"column":null}},"22":{"start":{"line":78,"column":4},"end":{"line":78,"column":null}}},"fnMap":{"0":{"name":"(anonymous_0)","decl":{"start":{"line":9,"column":0},"end":{"line":9,"column":8}},"loc":{"start":{"line":9,"column":42},"end":{"line":21,"column":null}},"line":9},"1":{"name":"(anonymous_1)","decl":{"start":{"line":18,"column":13},"end":{"line":18,"column":37}},"loc":{"start":{"line":18,"column":58},"end":{"line":21,"column":null}},"line":18},"2":{"name":"(anonymous_2)","decl":{"start":{"line":27,"column":2},"end":{"line":27,"column":9}},"loc":{"start":{"line":27,"column":34},"end":{"line":49,"column":null}},"line":27},"3":{"name":"(anonymous_3)","decl":{"start":{"line":52,"column":2},"end":{"line":52,"column":10}},"loc":{"start":{"line":52,"column":46},"end":{"line":73,"column":null}},"line":52},"4":{"name":"(anonymous_4)","decl":{"start":{"line":77,"column":2},"end":{"line":77,"column":10}},"loc":{"start":{"line":77,"column":47},"end":{"line":78,"column":null}},"line":77}},"branchMap":{"0":{"loc":{"start":{"line":31,"column":6},"end":{"line":33,"column":null}},"type":"if","locations":[{"start":{"line":31,"column":6},"end":{"line":33,"column":null}},{"start":{},"end":{}}],"line":31},"1":{"loc":{"start":{"line":40,"column":6},"end":{"line":41,"column":null}},"type":"if","locations":[{"start":{"line":40,"column":6},"end":{"line":41,"column":null}},{"start":{},"end":{}}],"line":40},"2":{"loc":{"start":{"line":40,"column":10},"end":{"line":40,"column":55}},"type":"binary-expr","locations":[{"start":{"line":40,"column":10},"end":{"line":40,"column":28}},{"start":{"line":40,"column":28},"end":{"line":40,"column":55}}],"line":40},"3":{"loc":{"start":{"line":45,"column":6},"end":{"line":46,"column":null}},"type":"if","locations":[{"start":{"line":45,"column":6},"end":{"line":46,"column":null}},{"start":{},"end":{}}],"line":45},"4":{"loc":{"start":{"line":53,"column":4},"end":{"line":73,"column":null}},"type":"switch","locations":[{"start":{"line":54,"column":6},"end":{"line":58,"column":null}},{"start":{"line":60,"column":6},"end":{"line":61,"column":null}},{"start":{"line":63,"column":6},"end":{"line":64,"column":null}},{"start":{"line":66,"column":6},"end":{"line":67,"column":null}},{"start":{"line":69,"column":6},"end":{"line":70,"column":null}},{"start":{"line":72,"column":6},"end":{"line":73,"column":null}}],"line":53},"5":{"loc":{"start":{"line":56,"column":10},"end":{"line":57,"column":null}},"type":"cond-expr","locations":[{"start":{"line":56,"column":31},"end":{"line":56,"column":null}},{"start":{"line":57,"column":10},"end":{"line":57,"column":null}}],"line":56},"6":{"loc":{"start":{"line":57,"column":10},"end":{"line":57,"column":null}},"type":"cond-expr","locations":[{"start":{"line":57,"column":31},"end":{"line":57,"column":61}},{"start":{"line":57,"column":61},"end":{"line":57,"column":null}}],"line":57}},"s":{"0":3,"1":1,"2":1,"3":7,"4":7,"5":7,"6":3,"7":3,"8":4,"9":4,"10":4,"11":4,"12":4,"13":7,"14":4,"15":1,"16":1,"17":1,"18":1,"19":1,"20":0,"21":0,"22":4},"f":{"0":3,"1":1,"2":7,"3":4,"4":4},"b":{"0":[3,4],"1":[4,0],"2":[4,4],"3":[4,0],"4":[1,1,1,1,0,0],"5":[1,0],"6":[0,0]},"meta":{"lastBranch":7,"lastFunction":5,"lastStatement":23,"seen":{"f:9:0:9:8":0,"s:10:2:21:Infinity":0,"f:18:13:18:37":1,"s:19:23:19:33":1,"s:20:6:20:Infinity":2,"f:27:2:27:9":2,"s:28:15:28:Infinity":3,"s:29:4:46:Infinity":4,"b:31:6:33:Infinity:undefined:undefined:undefined:undefined":0,"s:31:6:33:Infinity":5,"s:32:8:32:Infinity":6,"s:33:8:33:Infinity":7,"s:37:6:37:Infinity":8,"b:40:6:41:Infinity:undefined:undefined:undefined:undefined":1,"s:40:6:41:Infinity":9,"b:40:10:40:28:40:28:40:55":2,"s:41:8:41:Infinity":10,"b:45:6:46:Infinity:undefined:undefined:undefined:undefined":3,"s:45:6:46:Infinity":11,"s:46:8:46:Infinity":12,"s:49:4:49:Infinity":13,"f:52:2:52:10":3,"b:54:6:58:Infinity:60:6:61:Infinity:63:6:64:Infinity:66:6:67:Infinity:69:6:70:Infinity:72:6:73:Infinity":4,"s:53:4:73:Infinity":14,"s:56:10:57:Infinity":15,"b:56:31:56:Infinity:57:10:57:Infinity":5,"b:57:31:57:61:57:61:57:Infinity":6,"s:58:8:58:Infinity":16,"s:61:8:61:Infinity":17,"s:64:8:64:Infinity":18,"s:67:8:67:Infinity":19,"s:70:8:70:Infinity":20,"s:73:8:73:Infinity":21,"f:77:2:77:10":4,"s:78:4:78:Infinity":22}}}
,"E:\\6sin7\\6sin7\\packages\\markdown-engine\\src\\token.ts": {"path":"E:\\6sin7\\6sin7\\packages\\markdown-engine\\src\\token.ts","statementMap":{"0":{"start":{"line":11,"column":29},"end":{"line":11,"column":null}},"1":{"start":{"line":13,"column":33},"end":{"line":13,"column":null}},"2":{"start":{"line":16,"column":4},"end":{"line":16,"column":null}},"3":{"start":{"line":17,"column":4},"end":{"line":17,"column":null}},"4":{"start":{"line":18,"column":4},"end":{"line":18,"column":null}},"5":{"start":{"line":19,"column":4},"end":{"line":19,"column":null}},"6":{"start":{"line":20,"column":4},"end":{"line":20,"column":null}},"7":{"start":{"line":21,"column":4},"end":{"line":21,"column":null}},"8":{"start":{"line":22,"column":4},"end":{"line":22,"column":null}},"9":{"start":{"line":23,"column":4},"end":{"line":23,"column":null}},"10":{"start":{"line":24,"column":4},"end":{"line":24,"column":null}}},"fnMap":{"0":{"name":"(anonymous_0)","decl":{"start":{"line":15,"column":2},"end":{"line":15,"column":14}},"loc":{"start":{"line":15,"column":59},"end":{"line":24,"column":null}},"line":15}},"branchMap":{},"s":{"0":20,"1":20,"2":20,"3":20,"4":20,"5":20,"6":20,"7":20,"8":20,"9":20,"10":20},"f":{"0":20},"b":{},"meta":{"lastBranch":0,"lastFunction":1,"lastStatement":11,"seen":{"s:11:29:11:Infinity":0,"s:13:33:13:Infinity":1,"f:15:2:15:14":0,"s:16:4:16:Infinity":2,"s:17:4:17:Infinity":3,"s:18:4:18:Infinity":4,"s:19:4:19:Infinity":5,"s:20:4:20:Infinity":6,"s:21:4:21:Infinity":7,"s:22:4:22:Infinity":8,"s:23:4:23:Infinity":9,"s:24:4:24:Infinity":10}}}
}
